android/app/build/intermediates/manifest_merge_blame_file/debug/manifest-merger-blame-debug-report.txt
1<?xml version="1.0" encoding="utf-8"?>
2<manifest xmlns:android="http://schemas.android.com/apk/res/android"
3    package="com.moviesandme"
4    android:versionCode="1"
5    android:versionName="1.0" >
6
7    <uses-sdk
8        android:minSdkVersion="21"
9        android:targetSdkVersion="28" />
10
11    <uses-permission android:name="android.permission.SYSTEM_ALERT_WINDOW" />
11-->src/main/AndroidManifest.xml:5:5-77
11-->src/main/AndroidManifest.xml:5:22-75
12    <uses-permission android:name="android.permission.INTERNET" /> <!-- OPTIONAL PERMISSIONS, REMOVE WHATEVER YOU DO NOT NEED -->
12-->src/main/AndroidManifest.xml:4:5-67
12-->src/main/AndroidManifest.xml:4:22-64
13    <uses-permission android:name="android.permission.MANAGE_DOCUMENTS" />
13-->src/main/AndroidManifest.xml:8:5-75
13-->src/main/AndroidManifest.xml:8:22-72
14    <uses-permission android:name="android.permission.READ_INTERNAL_STORAGE" />
14-->src/main/AndroidManifest.xml:9:5-80
14-->src/main/AndroidManifest.xml:9:22-77
15    <uses-permission android:name="android.permission.READ_PHONE_STATE" />
15-->src/main/AndroidManifest.xml:10:5-75
15-->src/main/AndroidManifest.xml:10:22-72
16    <uses-permission android:name="android.permission.USE_FINGERPRINT" />
16-->src/main/AndroidManifest.xml:11:5-74
16-->src/main/AndroidManifest.xml:11:22-71
17    <uses-permission android:name="android.permission.VIBRATE" />
17-->src/main/AndroidManifest.xml:12:5-66
17-->src/main/AndroidManifest.xml:12:22-63
18    <uses-permission android:name="android.permission.MODIFY_AUDIO_SETTINGS" /> <!-- These require runtime permissions on M -->
18-->src/main/AndroidManifest.xml:13:5-80
18-->src/main/AndroidManifest.xml:13:22-77
19    <uses-permission android:name="android.permission.ACCESS_COARSE_LOCATION" />
19-->src/main/AndroidManifest.xml:16:5-81
19-->src/main/AndroidManifest.xml:16:22-78
20    <uses-permission android:name="android.permission.ACCESS_FINE_LOCATION" />
20-->src/main/AndroidManifest.xml:17:5-79
20-->src/main/AndroidManifest.xml:17:22-76
21    <uses-permission android:name="android.permission.CAMERA" />
21-->src/main/AndroidManifest.xml:18:5-65
21-->src/main/AndroidManifest.xml:18:22-62
22    <uses-permission android:name="android.permission.READ_CONTACTS" />
22-->src/main/AndroidManifest.xml:19:5-72
22-->src/main/AndroidManifest.xml:19:22-69
23    <uses-permission android:name="android.permission.READ_CALENDAR" />
23-->src/main/AndroidManifest.xml:20:5-72
23-->src/main/AndroidManifest.xml:20:22-69
24    <uses-permission android:name="android.permission.WRITE_CALENDAR" />
24-->src/main/AndroidManifest.xml:21:5-73
24-->src/main/AndroidManifest.xml:21:22-70
25    <uses-permission android:name="android.permission.READ_EXTERNAL_STORAGE" />
25-->src/main/AndroidManifest.xml:22:5-80
25-->src/main/AndroidManifest.xml:22:22-77
26    <uses-permission android:name="android.permission.RECORD_AUDIO" />
26-->src/main/AndroidManifest.xml:23:5-71
26-->src/main/AndroidManifest.xml:23:22-68
27    <uses-permission android:name="android.permission.WRITE_EXTERNAL_STORAGE" />
27-->src/main/AndroidManifest.xml:24:5-81
27-->src/main/AndroidManifest.xml:24:22-78
28    <uses-permission android:name="android.permission.WRITE_SETTINGS" />
28-->src/main/AndroidManifest.xml:25:5-73
28-->src/main/AndroidManifest.xml:25:22-70
29    <uses-permission android:name="android.permission.ACCESS_NETWORK_STATE" />
29-->[:expo-updates] AndroidManifest.xml:11:5-79
29-->[:expo-updates] AndroidManifest.xml:11:22-76
30    <uses-permission android:name="android.permission.STORAGE" />
30-->[:expo-file-system] AndroidManifest.xml:15:5-66
30-->[:expo-file-system] AndroidManifest.xml:15:22-63
31    <uses-permission android:name="android.permission.FOREGROUND_SERVICE" />
31-->[:expo-location] AndroidManifest.xml:13:5-77
31-->[:expo-location] AndroidManifest.xml:13:22-74
32    <uses-permission android:name="com.google.android.providers.gsf.permission.READ_GSERVICES" />
32-->[io.nlopez.smartlocation:library:3.2.11] AndroidManifest.xml:15:5-98
32-->[io.nlopez.smartlocation:library:3.2.11] AndroidManifest.xml:15:22-95
33    <uses-permission android:name="com.google.android.gms.permission.ACTIVITY_RECOGNITION" />
33-->[io.nlopez.smartlocation:library:3.2.11] AndroidManifest.xml:16:5-94
33-->[io.nlopez.smartlocation:library:3.2.11] AndroidManifest.xml:16:22-91
34
35    <application
35-->src/main/AndroidManifest.xml:28:5-50:19
36        android:name="com.moviesandme.MainApplication"
36-->src/main/AndroidManifest.xml:29:7-38
37        android:allowBackup="false"
37-->src/main/AndroidManifest.xml:33:7-34
38        android:appComponentFactory="androidx.core.app.CoreComponentFactory"
38-->[androidx.core:core:1.1.0] AndroidManifest.xml:24:18-86
39        android:debuggable="true"
40        android:icon="@mipmap/ic_launcher"
40-->src/main/AndroidManifest.xml:31:7-41
41        android:label="@string/app_name"
41-->src/main/AndroidManifest.xml:30:7-39
42        android:roundIcon="@mipmap/ic_launcher_round"
42-->src/main/AndroidManifest.xml:32:7-52
43        android:theme="@style/AppTheme"
43-->src/main/AndroidManifest.xml:34:7-38
44        android:usesCleartextTraffic="true" >
44-->src/debug/AndroidManifest.xml:6:18-53
45        <meta-data
45-->src/main/AndroidManifest.xml:36:7-106
46            android:name="expo.modules.updates.EXPO_UPDATE_URL"
46-->src/main/AndroidManifest.xml:36:18-69
47            android:value="YOUR-APP-URL-HERE" />
47-->src/main/AndroidManifest.xml:36:70-103
48        <meta-data
48-->src/main/AndroidManifest.xml:37:7-115
49            android:name="expo.modules.updates.EXPO_SDK_VERSION"
49-->src/main/AndroidManifest.xml:37:18-70
50            android:value="YOUR-APP-SDK-VERSION-HERE" />
50-->src/main/AndroidManifest.xml:37:71-112
51
52        <activity
52-->src/main/AndroidManifest.xml:39:7-48:18
53            android:name="com.moviesandme.MainActivity"
53-->src/main/AndroidManifest.xml:40:9-37
54            android:configChanges="keyboard|keyboardHidden|orientation|screenSize"
54-->src/main/AndroidManifest.xml:42:9-79
55            android:label="@string/app_name"
55-->src/main/AndroidManifest.xml:41:9-41
56            android:windowSoftInputMode="adjustResize" >
56-->src/main/AndroidManifest.xml:43:9-51
57            <intent-filter>
57-->src/main/AndroidManifest.xml:44:9-47:25
58                <action android:name="android.intent.action.MAIN" />
58-->src/main/AndroidManifest.xml:45:13-65
58-->src/main/AndroidManifest.xml:45:21-62
59
60                <category android:name="android.intent.category.LAUNCHER" />
60-->src/main/AndroidManifest.xml:46:13-73
60-->src/main/AndroidManifest.xml:46:23-70
61            </intent-filter>
62        </activity>
63        <activity android:name="com.facebook.react.devsupport.DevSettingsActivity" />
63-->src/main/AndroidManifest.xml:49:7-84
63-->src/main/AndroidManifest.xml:49:17-81
64
65        <provider
65-->[:expo-file-system] AndroidManifest.xml:18:9-27:20
66            android:name="expo.modules.filesystem.FileSystemFileProvider"
66-->[:expo-file-system] AndroidManifest.xml:19:13-74
67            android:authorities="com.moviesandme.FileSystemFileProvider"
67-->[:expo-file-system] AndroidManifest.xml:20:13-74
68            android:exported="false"
68-->[:expo-file-system] AndroidManifest.xml:21:13-37
69            android:grantUriPermissions="true" >
69-->[:expo-file-system] AndroidManifest.xml:22:13-47
70            <meta-data
70-->[:expo-file-system] AndroidManifest.xml:24:13-26:70
71                android:name="android.support.FILE_PROVIDER_PATHS"
71-->[:expo-file-system] AndroidManifest.xml:25:17-67
72                android:resource="@xml/file_system_provider_paths" />
72-->[:expo-file-system] AndroidManifest.xml:26:17-67
73        </provider>
74
75        <service
75-->[:expo-location] AndroidManifest.xml:16:9-18:40
76            android:name="expo.modules.location.services.LocationTaskService"
76-->[:expo-location] AndroidManifest.xml:17:13-78
77            android:exported="false" />
77-->[:expo-location] AndroidManifest.xml:18:13-37
78
79        <activity
79-->[com.google.android.gms:play-services-base:16.0.1] AndroidManifest.xml:23:9-26:75
80            android:name="com.google.android.gms.common.api.GoogleApiActivity"
80-->[com.google.android.gms:play-services-base:16.0.1] AndroidManifest.xml:24:13-79
81            android:exported="false"
81-->[com.google.android.gms:play-services-base:16.0.1] AndroidManifest.xml:25:13-37
82            android:theme="@android:style/Theme.Translucent.NoTitleBar" />
82-->[com.google.android.gms:play-services-base:16.0.1] AndroidManifest.xml:26:13-72
83
84        <meta-data
84-->[com.google.android.gms:play-services-basement:16.0.1] AndroidManifest.xml:23:9-25:69
85            android:name="com.google.android.gms.version"
85-->[com.google.android.gms:play-services-basement:16.0.1] AndroidManifest.xml:24:13-58
86            android:value="@integer/google_play_services_version" />
86-->[com.google.android.gms:play-services-basement:16.0.1] AndroidManifest.xml:25:13-66
87
88        <service
88-->[androidx.room:room-runtime:2.1.0] AndroidManifest.xml:25:9-27:40
89            android:name="androidx.room.MultiInstanceInvalidationService"
89-->[androidx.room:room-runtime:2.1.0] AndroidManifest.xml:26:13-74
90            android:exported="false" />
90-->[androidx.room:room-runtime:2.1.0] AndroidManifest.xml:27:13-37
91        <service
91-->[io.nlopez.smartlocation:library:3.2.11] AndroidManifest.xml:19:9-21:40
92            android:name="io.nlopez.smartlocation.activity.providers.ActivityGooglePlayServicesProvider$ActivityRecognitionService"
92-->[io.nlopez.smartlocation:library:3.2.11] AndroidManifest.xml:20:13-132
93            android:exported="false" />
93-->[io.nlopez.smartlocation:library:3.2.11] AndroidManifest.xml:21:13-37
94        <service
94-->[io.nlopez.smartlocation:library:3.2.11] AndroidManifest.xml:22:9-24:40
95            android:name="io.nlopez.smartlocation.geofencing.providers.GeofencingGooglePlayServicesProvider$GeofencingService"
95-->[io.nlopez.smartlocation:library:3.2.11] AndroidManifest.xml:23:13-127
96            android:exported="false" />
96-->[io.nlopez.smartlocation:library:3.2.11] AndroidManifest.xml:24:13-37
97        <service
97-->[io.nlopez.smartlocation:library:3.2.11] AndroidManifest.xml:25:9-27:40
98            android:name="io.nlopez.smartlocation.geocoding.providers.AndroidGeocodingProvider$AndroidGeocodingService"
98-->[io.nlopez.smartlocation:library:3.2.11] AndroidManifest.xml:26:13-120
99            android:exported="false" />
99-->[io.nlopez.smartlocation:library:3.2.11] AndroidManifest.xml:27:13-37
100    </application>
101
102</manifest>